This file contains any messages produced by compilers while
running configure, to aid debugging if configure makes a mistake.

It was created by configure, which was
generated by GNU Autoconf 2.59.  Invocation command line was

  $ ./configure 

## --------- ##
## Platform. ##
## --------- ##

hostname = kali2019
uname -m = x86_64
uname -r = 5.5.0-kali1-amd64
uname -s = Linux
uname -v = #1 SMP Debian 5.5.13-2kali1 (2020-04-03)

/usr/bin/uname -p = unknown
/bin/uname -X     = unknown

/bin/arch              = x86_64
/usr/bin/arch -k       = unknown
/usr/convex/getsysinfo = unknown
hostinfo               = unknown
/bin/machine           = unknown
/usr/bin/oslevel       = unknown
/bin/universe          = unknown

PATH: /usr/local/sbin
PATH: /usr/local/bin
PATH: /usr/sbin
PATH: /usr/bin
PATH: /sbin
PATH: /bin


## ----------- ##
## Core tests. ##
## ----------- ##

configure:1302: checking for a BSD-compatible install
configure:1357: result: /usr/bin/install -c
configure:1368: checking whether build environment is sane
configure:1411: result: yes
configure:1476: checking for gawk
configure:1492: found /usr/bin/gawk
configure:1502: result: gawk
configure:1512: checking whether make sets $(MAKE)
configure:1532: result: yes
configure:1707: checking build system type
configure:1725: result: x86_64-unknown-linux-gnu
configure:1733: checking host system type
configure:1747: result: x86_64-unknown-linux-gnu
configure:1802: checking for gcc
configure:1818: found /usr/bin/gcc
configure:1828: result: gcc
configure:2072: checking for C compiler version
configure:2075: gcc --version </dev/null >&5
gcc (Debian 9.3.0-10) 9.3.0
Copyright (C) 2019 Free Software Foundation, Inc.
This is free software; see the source for copying conditions.  There is NO
warranty; not even for MERCHANTABILITY or FITNESS FOR A PARTICULAR PURPOSE.

configure:2078: $? = 0
configure:2080: gcc -v </dev/null >&5
Using built-in specs.
COLLECT_GCC=gcc
COLLECT_LTO_WRAPPER=/usr/lib/gcc/x86_64-linux-gnu/9/lto-wrapper
OFFLOAD_TARGET_NAMES=nvptx-none:hsa
OFFLOAD_TARGET_DEFAULT=1
Target: x86_64-linux-gnu
Configured with: ../src/configure -v --with-pkgversion='Debian 9.3.0-10' --with-bugurl=file:///usr/share/doc/gcc-9/README.Bugs --enable-languages=c,ada,c++,go,brig,d,fortran,objc,obj-c++,gm2 --prefix=/usr --with-gcc-major-version-only --program-suffix=-9 --program-prefix=x86_64-linux-gnu- --enable-shared --enable-linker-build-id --libexecdir=/usr/lib --without-included-gettext --enable-threads=posix --libdir=/usr/lib --enable-nls --enable-bootstrap --enable-clocale=gnu --enable-libstdcxx-debug --enable-libstdcxx-time=yes --with-default-libstdcxx-abi=new --enable-gnu-unique-object --disable-vtable-verify --enable-plugin --enable-default-pie --with-system-zlib --with-target-system-zlib=auto --enable-objc-gc=auto --enable-multiarch --disable-werror --with-arch-32=i686 --with-abi=m64 --with-multilib-list=m32,m64,mx32 --enable-multilib --with-tune=generic --enable-offload-targets=nvptx-none,hsa --without-cuda-driver --enable-checking=release --build=x86_64-linux-gnu --host=x86_64-linux-gnu --target=x86_64-linux-gnu --with-build-config=bootstrap-lto-lean --enable-link-mutex
Thread model: posix
gcc version 9.3.0 (Debian 9.3.0-10) 
configure:2083: $? = 0
configure:2085: gcc -V </dev/null >&5
gcc: error: unrecognized command line option '-V'
gcc: fatal error: no input files
compilation terminated.
configure:2088: $? = 1
configure:2111: checking for C compiler default output file name
configure:2114: gcc    conftest.c  >&5
configure:2117: $? = 0
configure:2163: result: a.out
configure:2168: checking whether the C compiler works
configure:2174: ./a.out
configure:2177: $? = 0
configure:2194: result: yes
configure:2201: checking whether we are cross compiling
configure:2203: result: no
configure:2206: checking for suffix of executables
configure:2208: gcc -o conftest    conftest.c  >&5
configure:2211: $? = 0
configure:2236: result: 
configure:2242: checking for suffix of object files
configure:2263: gcc -c   conftest.c >&5
configure:2266: $? = 0
configure:2288: result: o
configure:2292: checking whether we are using the GNU C compiler
configure:2316: gcc -c   conftest.c >&5
configure:2322: $? = 0
configure:2326: test -z 
			 || test ! -s conftest.err
configure:2329: $? = 0
configure:2332: test -s conftest.o
configure:2335: $? = 0
configure:2348: result: yes
configure:2354: checking whether gcc accepts -g
configure:2375: gcc -c -g  conftest.c >&5
configure:2381: $? = 0
configure:2385: test -z 
			 || test ! -s conftest.err
configure:2388: $? = 0
configure:2391: test -s conftest.o
configure:2394: $? = 0
configure:2405: result: yes
configure:2422: checking for gcc option to accept ANSI C
configure:2492: gcc  -c -g -O2  conftest.c >&5
configure:2498: $? = 0
configure:2502: test -z 
			 || test ! -s conftest.err
configure:2505: $? = 0
configure:2508: test -s conftest.o
configure:2511: $? = 0
configure:2529: result: none needed
configure:2547: gcc -c -g -O2  conftest.c >&5
conftest.c:2:3: error: unknown type name 'choke'
    2 |   choke me
      |   ^~~~~
conftest.c:2:3: error: expected '=', ',', ';', 'asm' or '__attribute__' at end of input
configure:2553: $? = 1
configure: failed program was:
| #ifndef __cplusplus
|   choke me
| #endif
configure:2697: checking for style of include used by make
configure:2725: result: GNU
configure:2753: checking dependency style of gcc
configure:2843: result: gcc3
configure:2864: checking for gawk
configure:2890: result: gawk
configure:2904: checking for bison
configure:2933: result: no
configure:2904: checking for byacc
configure:2933: result: no
configure:2946: checking for flex
configure:2962: found /usr/bin/flex
configure:2972: result: flex
configure:2985: checking for yywrap in -lfl
configure:3015: gcc -o conftest -g -O2   conftest.c -lfl   >&5
/usr/bin/ld: /usr/lib/gcc/x86_64-linux-gnu/9/../../../x86_64-linux-gnu/libfl.so: undefined reference to `yylex'
collect2: error: ld returned 1 exit status
configure:3021: $? = 1
configure: failed program was:
| /* confdefs.h.  */
| 
| #define PACKAGE_NAME ""
| #define PACKAGE_TARNAME ""
| #define PACKAGE_VERSION ""
| #define PACKAGE_STRING ""
| #define PACKAGE_BUGREPORT ""
| #define PACKAGE "tcpxtract"
| #define VERSION "1.0.1"
| /* end confdefs.h.  */
| 
| /* Override any gcc2 internal prototype to avoid an error.  */
| #ifdef __cplusplus
| extern "C"
| #endif
| /* We use char because int might match the return type of a gcc2
|    builtin and then its argument prototype would still apply.  */
| char yywrap ();
| int
| main ()
| {
| yywrap ();
|   ;
|   return 0;
| }
configure:3047: result: no
configure:3052: checking for yywrap in -ll
configure:3082: gcc -o conftest -g -O2   conftest.c -ll   >&5
configure:3088: $? = 0
configure:3092: test -z 
			 || test ! -s conftest.err
configure:3095: $? = 0
configure:3098: test -s conftest
configure:3101: $? = 0
configure:3114: result: yes
configure:3125: checking lex output file root
configure:3136: flex conftest.l
configure:3139: $? = 0
configure:3151: result: lex.yy
configure:3156: checking whether yytext is a pointer
configure:3172: gcc -o conftest -g -O2   conftest.c  -ll >&5
configure:3178: $? = 0
configure:3182: test -z 
			 || test ! -s conftest.err
configure:3185: $? = 0
configure:3188: test -s conftest
configure:3191: $? = 0
configure:3205: result: yes
configure:3154: checking for a BSD-compatible install
configure:3209: result: /usr/bin/install -c
configure:3220: checking whether make sets $(MAKE)
configure:3240: result: yes
configure:3290: checking for ranlib
configure:3306: found /usr/bin/ranlib
configure:3317: result: ranlib
configure:3331: checking for main in -lfl
configure:3355: gcc -o conftest -g -O2   conftest.c -lfl   >&5
configure:3361: $? = 0
configure:3365: test -z 
			 || test ! -s conftest.err
configure:3368: $? = 0
configure:3371: test -s conftest
configure:3374: $? = 0
configure:3387: result: yes
configure:3399: checking for pcap_open_offline in -lpcap
configure:3429: gcc -o conftest -g -O2   conftest.c -lpcap  -lfl  >&5
configure:3435: $? = 0
configure:3439: test -z 
			 || test ! -s conftest.err
configure:3442: $? = 0
configure:3445: test -s conftest
configure:3448: $? = 0
configure:3461: result: yes
configure:3478: checking how to run the C preprocessor
configure:3513: gcc -E  conftest.c
configure:3519: $? = 0
configure:3551: gcc -E  conftest.c
conftest.c:14:10: fatal error: ac_nonexistent.h: No such file or directory
   14 | #include <ac_nonexistent.h>
      |          ^~~~~~~~~~~~~~~~~~
compilation terminated.
configure:3557: $? = 1
configure: failed program was:
| /* confdefs.h.  */
| 
| #define PACKAGE_NAME ""
| #define PACKAGE_TARNAME ""
| #define PACKAGE_VERSION ""
| #define PACKAGE_STRING ""
| #define PACKAGE_BUGREPORT ""
| #define PACKAGE "tcpxtract"
| #define VERSION "1.0.1"
| #define YYTEXT_POINTER 1
| #define HAVE_LIBFL 1
| #define HAVE_LIBPCAP 1
| /* end confdefs.h.  */
| #include <ac_nonexistent.h>
configure:3596: result: gcc -E
configure:3620: gcc -E  conftest.c
configure:3626: $? = 0
configure:3658: gcc -E  conftest.c
conftest.c:14:10: fatal error: ac_nonexistent.h: No such file or directory
   14 | #include <ac_nonexistent.h>
      |          ^~~~~~~~~~~~~~~~~~
compilation terminated.
configure:3664: $? = 1
configure: failed program was:
| /* confdefs.h.  */
| 
| #define PACKAGE_NAME ""
| #define PACKAGE_TARNAME ""
| #define PACKAGE_VERSION ""
| #define PACKAGE_STRING ""
| #define PACKAGE_BUGREPORT ""
| #define PACKAGE "tcpxtract"
| #define VERSION "1.0.1"
| #define YYTEXT_POINTER 1
| #define HAVE_LIBFL 1
| #define HAVE_LIBPCAP 1
| /* end confdefs.h.  */
| #include <ac_nonexistent.h>
configure:3708: checking for egrep
configure:3718: result: grep -E
configure:3723: checking for ANSI C header files
configure:3748: gcc -c -g -O2  conftest.c >&5
configure:3754: $? = 0
configure:3758: test -z 
			 || test ! -s conftest.err
configure:3761: $? = 0
configure:3764: test -s conftest.o
configure:3767: $? = 0
configure:3856: gcc -o conftest -g -O2   conftest.c -lpcap -lfl  >&5
conftest.c: In function 'main':
conftest.c:31:7: warning: implicit declaration of function 'exit' [-Wimplicit-function-declaration]
   31 |       exit(2);
      |       ^~~~
conftest.c:31:7: warning: incompatible implicit declaration of built-in function 'exit'
conftest.c:15:1: note: include '<stdlib.h>' or provide a declaration of 'exit'
   14 | #include <ctype.h>
  +++ |+#include <stdlib.h>
   15 | #if ((' ' & 0x0FF) == 0x020)
conftest.c:32:3: warning: incompatible implicit declaration of built-in function 'exit'
   32 |   exit (0);
      |   ^~~~
conftest.c:32:3: note: include '<stdlib.h>' or provide a declaration of 'exit'
configure:3859: $? = 0
configure:3861: ./conftest
configure:3864: $? = 0
configure:3879: result: yes
configure:4031: creating ./config.status

## ---------------------- ##
## Running config.status. ##
## ---------------------- ##

This file was extended by config.status, which was
generated by GNU Autoconf 2.59.  Invocation command line was

  CONFIG_FILES    = 
  CONFIG_HEADERS  = 
  CONFIG_LINKS    = 
  CONFIG_COMMANDS = 
  $ ./config.status 

on kali2019

config.status:681: creating Makefile
config.status:864: executing depfiles commands

## ---------------- ##
## Cache variables. ##
## ---------------- ##

ac_cv_build=x86_64-unknown-linux-gnu
ac_cv_build_alias=x86_64-unknown-linux-gnu
ac_cv_c_compiler_gnu=yes
ac_cv_env_CC_set=
ac_cv_env_CC_value=
ac_cv_env_CFLAGS_set=
ac_cv_env_CFLAGS_value=
ac_cv_env_CPPFLAGS_set=
ac_cv_env_CPPFLAGS_value=
ac_cv_env_CPP_set=
ac_cv_env_CPP_value=
ac_cv_env_LDFLAGS_set=
ac_cv_env_LDFLAGS_value=
ac_cv_env_build_alias_set=
ac_cv_env_build_alias_value=
ac_cv_env_host_alias_set=
ac_cv_env_host_alias_value=
ac_cv_env_target_alias_set=
ac_cv_env_target_alias_value=
ac_cv_exeext=
ac_cv_header_stdc=yes
ac_cv_host=x86_64-unknown-linux-gnu
ac_cv_host_alias=x86_64-unknown-linux-gnu
ac_cv_lib_fl_main=yes
ac_cv_lib_fl_yywrap=no
ac_cv_lib_l_yywrap=yes
ac_cv_lib_pcap_pcap_open_offline=yes
ac_cv_objext=o
ac_cv_path_install='/usr/bin/install -c'
ac_cv_prog_AWK=gawk
ac_cv_prog_CPP='gcc -E'
ac_cv_prog_LEX=flex
ac_cv_prog_ac_ct_CC=gcc
ac_cv_prog_ac_ct_RANLIB=ranlib
ac_cv_prog_cc_g=yes
ac_cv_prog_cc_stdc=
ac_cv_prog_egrep='grep -E'
ac_cv_prog_lex_root=lex.yy
ac_cv_prog_lex_yytext_pointer=yes
ac_cv_prog_make_make_set=yes
am_cv_CC_dependencies_compiler_type=gcc3

## ----------------- ##
## Output variables. ##
## ----------------- ##

ACLOCAL='${SHELL} /root/exfile/tcpxtract-1.0.1/missing --run aclocal-1.9'
AMDEPBACKSLASH='\'
AMDEP_FALSE='#'
AMDEP_TRUE=''
AMTAR='${SHELL} /root/exfile/tcpxtract-1.0.1/missing --run tar'
AUTOCONF='${SHELL} /root/exfile/tcpxtract-1.0.1/missing --run autoconf'
AUTOHEADER='${SHELL} /root/exfile/tcpxtract-1.0.1/missing --run autoheader'
AUTOMAKE='${SHELL} /root/exfile/tcpxtract-1.0.1/missing --run automake-1.9'
AWK='gawk'
CC='gcc'
CCDEPMODE='depmode=gcc3'
CFLAGS='-g -O2'
CPP='gcc -E'
CPPFLAGS=''
CYGPATH_W='echo'
DEFS='-DPACKAGE_NAME=\"\" -DPACKAGE_TARNAME=\"\" -DPACKAGE_VERSION=\"\" -DPACKAGE_STRING=\"\" -DPACKAGE_BUGREPORT=\"\" -DPACKAGE=\"tcpxtract\" -DVERSION=\"1.0.1\" -DYYTEXT_POINTER=1 -DHAVE_LIBFL=1 -DHAVE_LIBPCAP=1 -DSTDC_HEADERS=1 '
DEPDIR='.deps'
ECHO_C=''
ECHO_N='-n'
ECHO_T=''
EGREP='grep -E'
EXEEXT=''
INSTALL_DATA='${INSTALL} -m 644'
INSTALL_PROGRAM='${INSTALL}'
INSTALL_SCRIPT='${INSTALL}'
INSTALL_STRIP_PROGRAM='${SHELL} $(install_sh) -c -s'
LDFLAGS=''
LEX='flex'
LEXLIB='-ll'
LEX_OUTPUT_ROOT='lex.yy'
LIBOBJS=''
LIBS='-lpcap -lfl '
LTLIBOBJS=''
MAKEINFO='${SHELL} /root/exfile/tcpxtract-1.0.1/missing --run makeinfo'
OBJEXT='o'
PACKAGE='tcpxtract'
PACKAGE_BUGREPORT=''
PACKAGE_NAME=''
PACKAGE_STRING=''
PACKAGE_TARNAME=''
PACKAGE_VERSION=''
PATH_SEPARATOR=':'
RANLIB='ranlib'
SET_MAKE=''
SHELL='/bin/bash'
STRIP=''
VERSION='1.0.1'
YACC='yacc'
ac_ct_CC='gcc'
ac_ct_RANLIB='ranlib'
ac_ct_STRIP=''
am__fastdepCC_FALSE='#'
am__fastdepCC_TRUE=''
am__include='include'
am__leading_dot='.'
am__quote=''
am__tar='${AMTAR} chof - "$$tardir"'
am__untar='${AMTAR} xf -'
bindir='${exec_prefix}/bin'
build='x86_64-unknown-linux-gnu'
build_alias=''
build_cpu='x86_64'
build_os='linux-gnu'
build_vendor='unknown'
datadir='${prefix}/share'
exec_prefix='${prefix}'
host='x86_64-unknown-linux-gnu'
host_alias=''
host_cpu='x86_64'
host_os='linux-gnu'
host_vendor='unknown'
includedir='${prefix}/include'
infodir='${prefix}/info'
install_sh='/root/exfile/tcpxtract-1.0.1/install-sh'
libdir='${exec_prefix}/lib'
libexecdir='${exec_prefix}/libexec'
localstatedir='${prefix}/var'
mandir='${prefix}/man'
mkdir_p='mkdir -p --'
oldincludedir='/usr/include'
prefix='/usr/local'
program_transform_name='s,x,x,'
sbindir='${exec_prefix}/sbin'
sharedstatedir='${prefix}/com'
sysconfdir='${prefix}/etc'
target_alias=''

## ----------- ##
## confdefs.h. ##
## ----------- ##

#define HAVE_LIBFL 1
#define HAVE_LIBPCAP 1
#define PACKAGE "tcpxtract"
#define PACKAGE_BUGREPORT ""
#define PACKAGE_NAME ""
#define PACKAGE_STRING ""
#define PACKAGE_TARNAME ""
#define PACKAGE_VERSION ""
#define STDC_HEADERS 1
#define VERSION "1.0.1"
#define YYTEXT_POINTER 1

configure: exit 0
